<?xml version="1.0" encoding="UTF-8"?>
<testng-results skipped="0" failed="0" total="1" passed="1">
  <reporter-output>
  </reporter-output>
  <suite name="Suite" duration-ms="15242" started-at="2020-07-15T11:28:57Z" finished-at="2020-07-15T11:29:12Z">
    <groups>
    </groups>
    <test name="Test" duration-ms="15242" started-at="2020-07-15T11:28:57Z" finished-at="2020-07-15T11:29:12Z">
      <class name="pages.TestAll">
        <test-method status="PASS" signature="setup()[pri:0, instance:pages.TestAll@3745e5c6]" name="setup" is-config="true" duration-ms="8426" started-at="2020-07-15T12:28:57Z" finished-at="2020-07-15T12:29:06Z">
          <reporter-output>
          </reporter-output>
        </test-method> <!-- setup -->
        <test-method status="PASS" signature="validLogin()[pri:0, instance:pages.TestAll@3745e5c6]" name="validLogin" duration-ms="6590" started-at="2020-07-15T12:29:06Z" description="User can log in with valid username and password" finished-at="2020-07-15T12:29:12Z">
          <reporter-output>
          </reporter-output>
        </test-method> <!-- validLogin -->
        <test-method status="PASS" signature="teardown()[pri:0, instance:pages.TestAll@3745e5c6]" name="teardown" is-config="true" duration-ms="199" started-at="2020-07-15T12:29:12Z" finished-at="2020-07-15T12:29:12Z">
          <reporter-output>
          </reporter-output>
        </test-method> <!-- teardown -->
      </class> <!-- pages.TestAll -->
    </test> <!-- Test -->
  </suite> <!-- Suite -->
</testng-results>
