<?xml version="1.0" encoding="UTF-8"?>
<!-- Generated by org.testng.reporters.JUnitXMLReporter -->
<testsuite hostname="DESKTOP" name="Default test" tests="7" failures="0" timestamp="15 Jul 2020 11:14:02 GMT" time="97.943" errors="0">
  <testcase name="invalidLogin1" time="6.475" classname="pages.TestAll"/>
  <testcase name="invalidLogin2" time="6.371" classname="pages.TestAll"/>
  <testcase name="invalidLogin3" time="6.207" classname="pages.TestAll"/>
  <testcase name="invalidLogin4" time="6.342" classname="pages.TestAll"/>
  <testcase name="invalidLogin5" time="6.041" classname="pages.TestAll"/>
  <testcase name="invalidLogin6" time="5.905" classname="pages.TestAll"/>
  <testcase name="validLogin" time="6.704" classname="pages.TestAll"/>
</testsuite> <!-- Default test -->
